<?xml version="1.0" encoding="UTF-8"?>
<testsuite xmlns:xsi="http://www.w3.org/2001/XMLSchema-instance" xsi:noNamespaceSchemaLocation="https://maven.apache.org/surefire/maven-surefire-plugin/xsd/surefire-test-report.xsd" version="3.0.2" name="TestSuite" time="32.44" tests="6" errors="0" skipped="1" failures="1">
  <properties>
[...]
</properties>
  <testcase name="LoginErrorValidation" classname="rahulshettyacademy.tests.ErrorValidationsTest" time="0.0">
    <skipped message="expected [Incorrect email or password.] but found [Incorrect email password.]"/>
    <system-out><![CDATA[16:19:07.464 [main] DEBUG org.testng.TestNG -- suiteXmlPath: "C:\Users\praneethk\eclipse-workspace\SeleniumFrameworkDesign\testSuites\testng.xml"
16:19:08.867 [TestNG-tests-2] DEBUG io.github.bonigarcia.wdm.WebDriverManager -- Using WebDriverManager 5.8.0
16:19:09.365 [TestNG-tests-1] DEBUG io.github.bonigarcia.wdm.WebDriverManager -- Using WebDriverManager 5.8.0
16:19:09.853 [TestNG-tests-2] DEBUG io.github.bonigarcia.wdm.cache.ResolutionCache -- Resolution chrome=127 in cache (valid until 16:58:44 30/07/2024 IST)
16:19:09.855 [TestNG-tests-2] DEBUG io.github.bonigarcia.wdm.cache.ResolutionCache -- Resolution chrome127=127.0.6533.72 in cache (valid until 13:30:20 31/07/2024 IST)
16:19:09.856 [TestNG-tests-2] INFO io.github.bonigarcia.wdm.WebDriverManager -- Using chromedriver 127.0.6533.72 (resolved driver for Chrome 127)
16:19:09.891 [TestNG-tests-1] DEBUG io.github.bonigarcia.wdm.cache.ResolutionCache -- Resolution chrome=127 in cache (valid until 16:58:44 30/07/2024 IST)
16:19:09.893 [TestNG-tests-1] DEBUG io.github.bonigarcia.wdm.cache.ResolutionCache -- Resolution chrome127=127.0.6533.72 in cache (valid until 13:30:20 31/07/2024 IST)
16:19:09.894 [TestNG-tests-1] INFO io.github.bonigarcia.wdm.WebDriverManager -- Using chromedriver 127.0.6533.72 (resolved driver for Chrome 127)
16:19:09.952 [TestNG-tests-2] DEBUG io.github.bonigarcia.wdm.WebDriverManager -- Driver chromedriver 127.0.6533.72 found in cache
16:19:09.955 [TestNG-tests-2] INFO io.github.bonigarcia.wdm.WebDriverManager -- Exporting webdriver.chrome.driver as C:\Users\praneethk\.cache\selenium\chromedriver\win64\127.0.6533.72\chromedriver.exe
16:19:09.972 [TestNG-tests-1] DEBUG io.github.bonigarcia.wdm.WebDriverManager -- Driver chromedriver 127.0.6533.72 found in cache
16:19:09.974 [TestNG-tests-1] INFO io.github.bonigarcia.wdm.WebDriverManager -- Exporting webdriver.chrome.driver as C:\Users\praneethk\.cache\selenium\chromedriver\win64\127.0.6533.72\chromedriver.exe
]]></system-out>
    <system-err><![CDATA[Jul 30, 2024 4:19:12 PM org.openqa.selenium.devtools.CdpVersionFinder findNearestMatch
WARNING: Unable to find an exact match for CDP version 127, returning the closest version; found: 125; Please update to a Selenium version that supports CDP version 127
Jul 30, 2024 4:19:12 PM org.openqa.selenium.devtools.CdpVersionFinder findNearestMatch
WARNING: Unable to find an exact match for CDP version 127, returning the closest version; found: 125; Please update to a Selenium version that supports CDP version 127
]]></system-err>
  </testcase>
  <testcase name="LoginErrorValidation" classname="rahulshettyacademy.tests.ErrorValidationsTest" time="1.91">
    <failure message="expected [Incorrect email or password.] but found [Incorrect email password.]" type="java.lang.AssertionError"><![CDATA[java.lang.AssertionError: expected [Incorrect email or password.] but found [Incorrect email password.]
	at org.testng.Assert.fail(Assert.java:111)
	at org.testng.Assert.failNotEquals(Assert.java:1578)
	at org.testng.Assert.assertEqualsImpl(Assert.java:150)
	at org.testng.Assert.assertEquals(Assert.java:132)
	at org.testng.Assert.assertEquals(Assert.java:656)
	at org.testng.Assert.assertEquals(Assert.java:666)
	at rahulshettyacademy.tests.ErrorValidationsTest.LoginErrorValidation(ErrorValidationsTest.java:45)
	at java.base/jdk.internal.reflect.DirectMethodHandleAccessor.invoke(DirectMethodHandleAccessor.java:103)
	at java.base/java.lang.reflect.Method.invoke(Method.java:580)
	at org.testng.internal.invokers.MethodInvocationHelper.invokeMethod(MethodInvocationHelper.java:141)
	at org.testng.internal.invokers.TestInvoker.invokeMethod(TestInvoker.java:686)
	at org.testng.internal.invokers.TestInvoker.retryFailed(TestInvoker.java:269)
	at org.testng.internal.invokers.MethodRunner.runInSequence(MethodRunner.java:76)
	at org.testng.internal.invokers.TestInvoker$MethodInvocationAgent.invoke(TestInvoker.java:992)
	at org.testng.internal.invokers.TestInvoker.invokeTestMethods(TestInvoker.java:203)
	at org.testng.internal.invokers.TestMethodWorker.invokeTestMethods(TestMethodWorker.java:154)
	at org.testng.internal.invokers.TestMethodWorker.run(TestMethodWorker.java:134)
	at java.base/java.util.ArrayList.forEach(ArrayList.java:1596)
	at org.testng.TestRunner.privateRun(TestRunner.java:739)
	at org.testng.TestRunner.run(TestRunner.java:614)
	at org.testng.SuiteRunner.runTest(SuiteRunner.java:421)
	at org.testng.SuiteRunner$SuiteWorker.run(SuiteRunner.java:463)
	at org.testng.internal.thread.ThreadUtil.lambda$execute$0(ThreadUtil.java:64)
	at java.base/java.util.concurrent.FutureTask.run(FutureTask.java:317)
	at java.base/java.util.concurrent.ThreadPoolExecutor.runWorker(ThreadPoolExecutor.java:1144)
	at java.base/java.util.concurrent.ThreadPoolExecutor$Worker.run(ThreadPoolExecutor.java:642)
	at java.base/java.lang.Thread.run(Thread.java:1583)
]]></failure>
    <system-out><![CDATA[16:19:21.134 [TestNG-tests-1] DEBUG io.github.bonigarcia.wdm.WebDriverManager -- Using WebDriverManager 5.8.0
16:19:21.159 [TestNG-tests-1] DEBUG io.github.bonigarcia.wdm.cache.ResolutionCache -- Resolution chrome=127 in cache (valid until 16:58:44 30/07/2024 IST)
16:19:21.161 [TestNG-tests-1] DEBUG io.github.bonigarcia.wdm.cache.ResolutionCache -- Resolution chrome127=127.0.6533.72 in cache (valid until 13:30:20 31/07/2024 IST)
16:19:21.161 [TestNG-tests-1] INFO io.github.bonigarcia.wdm.WebDriverManager -- Using chromedriver 127.0.6533.72 (resolved driver for Chrome 127)
16:19:21.194 [TestNG-tests-1] DEBUG io.github.bonigarcia.wdm.WebDriverManager -- Driver chromedriver 127.0.6533.72 found in cache
16:19:21.196 [TestNG-tests-1] INFO io.github.bonigarcia.wdm.WebDriverManager -- Exporting webdriver.chrome.driver as C:\Users\praneethk\.cache\selenium\chromedriver\win64\127.0.6533.72\chromedriver.exe
]]></system-out>
    <system-err><![CDATA[Jul 30, 2024 4:19:21 PM org.openqa.selenium.remote.http.WebSocket$Listener onError
WARNING: Connection reset
java.net.SocketException: Connection reset
	at java.base/sun.nio.ch.SocketChannelImpl.throwConnectionReset(SocketChannelImpl.java:401)
	at java.base/sun.nio.ch.SocketChannelImpl.read(SocketChannelImpl.java:434)
	at java.net.http/jdk.internal.net.http.SocketTube.readAvailable(SocketTube.java:1178)
	at java.net.http/jdk.internal.net.http.SocketTube$InternalReadPublisher$InternalReadSubscription.read(SocketTube.java:841)
	at java.net.http/jdk.internal.net.http.SocketTube$SocketFlowTask.run(SocketTube.java:181)
	at java.net.http/jdk.internal.net.http.common.SequentialScheduler$SchedulableTask.run(SequentialScheduler.java:207)
	at java.net.http/jdk.internal.net.http.common.SequentialScheduler.runOrSchedule(SequentialScheduler.java:280)
	at java.net.http/jdk.internal.net.http.common.SequentialScheduler.runOrSchedule(SequentialScheduler.java:233)
	at java.net.http/jdk.internal.net.http.SocketTube$InternalReadPublisher$InternalReadSubscription.signalReadable(SocketTube.java:782)
	at java.net.http/jdk.internal.net.http.SocketTube$InternalReadPublisher$ReadEvent.signalEvent(SocketTube.java:965)
	at java.net.http/jdk.internal.net.http.SocketTube$SocketFlowEvent.handle(SocketTube.java:253)
	at java.net.http/jdk.internal.net.http.HttpClientImpl$SelectorManager.handleEvent(HttpClientImpl.java:1467)
	at java.net.http/jdk.internal.net.http.HttpClientImpl$SelectorManager.lambda$run$3(HttpClientImpl.java:1412)
	at java.base/java.util.ArrayList.forEach(ArrayList.java:1596)
	at java.net.http/jdk.internal.net.http.HttpClientImpl$SelectorManager.run(HttpClientImpl.java:1412)

Jul 30, 2024 4:19:22 PM org.openqa.selenium.devtools.CdpVersionFinder findNearestMatch
WARNING: Unable to find an exact match for CDP version 127, returning the closest version; found: 125; Please update to a Selenium version that supports CDP version 127
]]></system-err>
  </testcase>
  <testcase name="ProductErrorValidation" classname="rahulshettyacademy.tests.ErrorValidationsTest" time="3.223">
    <system-err><![CDATA[Jul 30, 2024 4:19:37 PM org.openqa.selenium.remote.http.WebSocket$Listener onError
WARNING: Connection reset
java.net.SocketException: Connection reset
	at java.base/sun.nio.ch.SocketChannelImpl.throwConnectionReset(SocketChannelImpl.java:401)
	at java.base/sun.nio.ch.SocketChannelImpl.read(SocketChannelImpl.java:434)
	at java.net.http/jdk.internal.net.http.SocketTube.readAvailable(SocketTube.java:1178)
	at java.net.http/jdk.internal.net.http.SocketTube$InternalReadPublisher$InternalReadSubscription.read(SocketTube.java:841)
	at java.net.http/jdk.internal.net.http.SocketTube$SocketFlowTask.run(SocketTube.java:181)
	at java.net.http/jdk.internal.net.http.common.SequentialScheduler$SchedulableTask.run(SequentialScheduler.java:207)
	at java.net.http/jdk.internal.net.http.common.SequentialScheduler.runOrSchedule(SequentialScheduler.java:280)
	at java.net.http/jdk.internal.net.http.common.SequentialScheduler.runOrSchedule(SequentialScheduler.java:233)
	at java.net.http/jdk.internal.net.http.SocketTube$InternalReadPublisher$InternalReadSubscription.signalReadable(SocketTube.java:782)
	at java.net.http/jdk.internal.net.http.SocketTube$InternalReadPublisher$ReadEvent.signalEvent(SocketTube.java:965)
	at java.net.http/jdk.internal.net.http.SocketTube$SocketFlowEvent.handle(SocketTube.java:253)
	at java.net.http/jdk.internal.net.http.HttpClientImpl$SelectorManager.handleEvent(HttpClientImpl.java:1467)
	at java.net.http/jdk.internal.net.http.HttpClientImpl$SelectorManager.lambda$run$3(HttpClientImpl.java:1412)
	at java.base/java.util.ArrayList.forEach(ArrayList.java:1596)
	at java.net.http/jdk.internal.net.http.HttpClientImpl$SelectorManager.run(HttpClientImpl.java:1412)

]]></system-err>
  </testcase>
  <testcase name="submitOrder[{password=Saketa@1234, email=kattapraneeth94@gmail.com, products=ZARA COAT 3}](1)" classname="rahulshettyacademy.tests.SubmitOrderTest" time="4.397">
    <system-out><![CDATA[16:19:18.190 [TestNG-tests-2] DEBUG io.github.bonigarcia.wdm.WebDriverManager -- Using WebDriverManager 5.8.0
16:19:18.216 [TestNG-tests-2] DEBUG io.github.bonigarcia.wdm.cache.ResolutionCache -- Resolution chrome=127 in cache (valid until 16:58:44 30/07/2024 IST)
16:19:18.217 [TestNG-tests-2] DEBUG io.github.bonigarcia.wdm.cache.ResolutionCache -- Resolution chrome127=127.0.6533.72 in cache (valid until 13:30:20 31/07/2024 IST)
16:19:18.217 [TestNG-tests-2] INFO io.github.bonigarcia.wdm.WebDriverManager -- Using chromedriver 127.0.6533.72 (resolved driver for Chrome 127)
16:19:18.250 [TestNG-tests-2] DEBUG io.github.bonigarcia.wdm.WebDriverManager -- Driver chromedriver 127.0.6533.72 found in cache
16:19:18.254 [TestNG-tests-2] INFO io.github.bonigarcia.wdm.WebDriverManager -- Exporting webdriver.chrome.driver as C:\Users\praneethk\.cache\selenium\chromedriver\win64\127.0.6533.72\chromedriver.exe
]]></system-out>
    <system-err><![CDATA[Jul 30, 2024 4:19:18 PM org.openqa.selenium.remote.http.WebSocket$Listener onError
WARNING: Connection reset
java.net.SocketException: Connection reset
	at java.base/sun.nio.ch.SocketChannelImpl.throwConnectionReset(SocketChannelImpl.java:401)
	at java.base/sun.nio.ch.SocketChannelImpl.read(SocketChannelImpl.java:434)
	at java.net.http/jdk.internal.net.http.SocketTube.readAvailable(SocketTube.java:1178)
	at java.net.http/jdk.internal.net.http.SocketTube$InternalReadPublisher$InternalReadSubscription.read(SocketTube.java:841)
	at java.net.http/jdk.internal.net.http.SocketTube$SocketFlowTask.run(SocketTube.java:181)
	at java.net.http/jdk.internal.net.http.common.SequentialScheduler$SchedulableTask.run(SequentialScheduler.java:207)
	at java.net.http/jdk.internal.net.http.common.SequentialScheduler.runOrSchedule(SequentialScheduler.java:280)
	at java.net.http/jdk.internal.net.http.common.SequentialScheduler.runOrSchedule(SequentialScheduler.java:233)
	at java.net.http/jdk.internal.net.http.SocketTube$InternalReadPublisher$InternalReadSubscription.signalReadable(SocketTube.java:782)
	at java.net.http/jdk.internal.net.http.SocketTube$InternalReadPublisher$ReadEvent.signalEvent(SocketTube.java:965)
	at java.net.http/jdk.internal.net.http.SocketTube$SocketFlowEvent.handle(SocketTube.java:253)
	at java.net.http/jdk.internal.net.http.HttpClientImpl$SelectorManager.handleEvent(HttpClientImpl.java:1467)
	at java.net.http/jdk.internal.net.http.HttpClientImpl$SelectorManager.lambda$run$3(HttpClientImpl.java:1412)
	at java.base/java.util.ArrayList.forEach(ArrayList.java:1596)
	at java.net.http/jdk.internal.net.http.HttpClientImpl$SelectorManager.run(HttpClientImpl.java:1412)

Jul 30, 2024 4:19:19 PM org.openqa.selenium.devtools.CdpVersionFinder findNearestMatch
WARNING: Unable to find an exact match for CDP version 127, returning the closest version; found: 125; Please update to a Selenium version that supports CDP version 127
]]></system-err>
  </testcase>
  <testcase name="submitOrder[{password=Saketa@1234, email=kattapraneeth98@gmail.com, products=ADIDAS ORIGINAL}](2)" classname="rahulshettyacademy.tests.SubmitOrderTest" time="0.038">
    <system-out><![CDATA[16:19:25.541 [TestNG-tests-2] DEBUG io.github.bonigarcia.wdm.WebDriverManager -- Using WebDriverManager 5.8.0
16:19:25.561 [TestNG-tests-2] DEBUG io.github.bonigarcia.wdm.cache.ResolutionCache -- Resolution chrome=127 in cache (valid until 16:58:44 30/07/2024 IST)
16:19:25.562 [TestNG-tests-2] DEBUG io.github.bonigarcia.wdm.cache.ResolutionCache -- Resolution chrome127=127.0.6533.72 in cache (valid until 13:30:20 31/07/2024 IST)
16:19:25.562 [TestNG-tests-2] INFO io.github.bonigarcia.wdm.WebDriverManager -- Using chromedriver 127.0.6533.72 (resolved driver for Chrome 127)
16:19:25.580 [TestNG-tests-2] DEBUG io.github.bonigarcia.wdm.WebDriverManager -- Driver chromedriver 127.0.6533.72 found in cache
16:19:25.581 [TestNG-tests-2] INFO io.github.bonigarcia.wdm.WebDriverManager -- Exporting webdriver.chrome.driver as C:\Users\praneethk\.cache\selenium\chromedriver\win64\127.0.6533.72\chromedriver.exe
16:19:30.808 [TestNG-tests-2] DEBUG io.github.bonigarcia.wdm.WebDriverManager -- Using WebDriverManager 5.8.0
16:19:30.829 [TestNG-tests-2] DEBUG io.github.bonigarcia.wdm.cache.ResolutionCache -- Resolution chrome=127 in cache (valid until 16:58:44 30/07/2024 IST)
16:19:30.830 [TestNG-tests-2] DEBUG io.github.bonigarcia.wdm.cache.ResolutionCache -- Resolution chrome127=127.0.6533.72 in cache (valid until 13:30:20 31/07/2024 IST)
16:19:30.830 [TestNG-tests-2] INFO io.github.bonigarcia.wdm.WebDriverManager -- Using chromedriver 127.0.6533.72 (resolved driver for Chrome 127)
]]></system-out>
    <system-err><![CDATA[Jul 30, 2024 4:19:25 PM org.openqa.selenium.remote.http.WebSocket$Listener onError
WARNING: Connection reset
java.net.SocketException: Connection reset
	at java.base/sun.nio.ch.SocketChannelImpl.throwConnectionReset(SocketChannelImpl.java:401)
	at java.base/sun.nio.ch.SocketChannelImpl.read(SocketChannelImpl.java:434)
	at java.net.http/jdk.internal.net.http.SocketTube.readAvailable(SocketTube.java:1178)
	at java.net.http/jdk.internal.net.http.SocketTube$InternalReadPublisher$InternalReadSubscription.read(SocketTube.java:841)
	at java.net.http/jdk.internal.net.http.SocketTube$SocketFlowTask.run(SocketTube.java:181)
	at java.net.http/jdk.internal.net.http.common.SequentialScheduler$SchedulableTask.run(SequentialScheduler.java:207)
	at java.net.http/jdk.internal.net.http.common.SequentialScheduler.runOrSchedule(SequentialScheduler.java:280)
	at java.net.http/jdk.internal.net.http.common.SequentialScheduler.runOrSchedule(SequentialScheduler.java:233)
	at java.net.http/jdk.internal.net.http.SocketTube$InternalReadPublisher$InternalReadSubscription.signalReadable(SocketTube.java:782)
	at java.net.http/jdk.internal.net.http.SocketTube$InternalReadPublisher$ReadEvent.signalEvent(SocketTube.java:965)
	at java.net.http/jdk.internal.net.http.SocketTube$SocketFlowEvent.handle(SocketTube.java:253)
	at java.net.http/jdk.internal.net.http.HttpClientImpl$SelectorManager.handleEvent(HttpClientImpl.java:1467)
	at java.net.http/jdk.internal.net.http.HttpClientImpl$SelectorManager.lambda$run$3(HttpClientImpl.java:1412)
	at java.base/java.util.ArrayList.forEach(ArrayList.java:1596)
	at java.net.http/jdk.internal.net.http.HttpClientImpl$SelectorManager.run(HttpClientImpl.java:1412)

Jul 30, 2024 4:19:26 PM org.openqa.selenium.devtools.CdpVersionFinder findNearestMatch
WARNING: Unable to find an exact match for CDP version 127, returning the closest version; found: 125; Please update to a Selenium version that supports CDP version 127
]]></system-err>
  </testcase>
  <testcase name="OrderHistoryTest" classname="rahulshettyacademy.tests.SubmitOrderTest" time="1.571">
    <system-out><![CDATA[16:19:30.860 [TestNG-tests-2] DEBUG io.github.bonigarcia.wdm.WebDriverManager -- Driver chromedriver 127.0.6533.72 found in cache
16:19:30.862 [TestNG-tests-2] INFO io.github.bonigarcia.wdm.WebDriverManager -- Exporting webdriver.chrome.driver as C:\Users\praneethk\.cache\selenium\chromedriver\win64\127.0.6533.72\chromedriver.exe
16:19:30.893 [TestNG-tests-1] DEBUG io.github.bonigarcia.wdm.WebDriverManager -- Using WebDriverManager 5.8.0
16:19:30.913 [TestNG-tests-1] DEBUG io.github.bonigarcia.wdm.cache.ResolutionCache -- Resolution chrome=127 in cache (valid until 16:58:44 30/07/2024 IST)
16:19:30.914 [TestNG-tests-1] DEBUG io.github.bonigarcia.wdm.cache.ResolutionCache -- Resolution chrome127=127.0.6533.72 in cache (valid until 13:30:20 31/07/2024 IST)
16:19:30.914 [TestNG-tests-1] INFO io.github.bonigarcia.wdm.WebDriverManager -- Using chromedriver 127.0.6533.72 (resolved driver for Chrome 127)
16:19:30.941 [TestNG-tests-1] DEBUG io.github.bonigarcia.wdm.WebDriverManager -- Driver chromedriver 127.0.6533.72 found in cache
16:19:30.942 [TestNG-tests-1] INFO io.github.bonigarcia.wdm.WebDriverManager -- Exporting webdriver.chrome.driver as C:\Users\praneethk\.cache\selenium\chromedriver\win64\127.0.6533.72\chromedriver.exe
]]></system-out>
    <system-err><![CDATA[Jul 30, 2024 4:19:30 PM org.openqa.selenium.remote.http.WebSocket$Listener onError
WARNING: Connection reset
java.net.SocketException: Connection reset
	at java.base/sun.nio.ch.SocketChannelImpl.throwConnectionReset(SocketChannelImpl.java:401)
	at java.base/sun.nio.ch.SocketChannelImpl.read(SocketChannelImpl.java:434)
	at java.net.http/jdk.internal.net.http.SocketTube.readAvailable(SocketTube.java:1178)
	at java.net.http/jdk.internal.net.http.SocketTube$InternalReadPublisher$InternalReadSubscription.read(SocketTube.java:841)
	at java.net.http/jdk.internal.net.http.SocketTube$SocketFlowTask.run(SocketTube.java:181)
	at java.net.http/jdk.internal.net.http.common.SequentialScheduler$SchedulableTask.run(SequentialScheduler.java:207)
	at java.net.http/jdk.internal.net.http.common.SequentialScheduler.runOrSchedule(SequentialScheduler.java:280)
	at java.net.http/jdk.internal.net.http.common.SequentialScheduler.runOrSchedule(SequentialScheduler.java:233)
	at java.net.http/jdk.internal.net.http.SocketTube$InternalReadPublisher$InternalReadSubscription.signalReadable(SocketTube.java:782)
	at java.net.http/jdk.internal.net.http.SocketTube$InternalReadPublisher$ReadEvent.signalEvent(SocketTube.java:965)
	at java.net.http/jdk.internal.net.http.SocketTube$SocketFlowEvent.handle(SocketTube.java:253)
	at java.net.http/jdk.internal.net.http.HttpClientImpl$SelectorManager.handleEvent(HttpClientImpl.java:1467)
	at java.net.http/jdk.internal.net.http.HttpClientImpl$SelectorManager.lambda$run$3(HttpClientImpl.java:1412)
	at java.base/java.util.ArrayList.forEach(ArrayList.java:1596)
	at java.net.http/jdk.internal.net.http.HttpClientImpl$SelectorManager.run(HttpClientImpl.java:1412)

Jul 30, 2024 4:19:31 PM org.openqa.selenium.devtools.CdpVersionFinder findNearestMatch
WARNING: Unable to find an exact match for CDP version 127, returning the closest version; found: 125; Please update to a Selenium version that supports CDP version 127
Jul 30, 2024 4:19:32 PM org.openqa.selenium.devtools.CdpVersionFinder findNearestMatch
WARNING: Unable to find an exact match for CDP version 127, returning the closest version; found: 125; Please update to a Selenium version that supports CDP version 127
]]></system-err>
  </testcase>
</testsuite>